mktextfm pplr9t
mktextfm pplr9t
mktextfm pplr9t
mktextfm pplr9t
mktextfm pplr9t
mktextfm pplr9t
mktextfm zplmr7m
mktextfm zplmr7m
mktextfm zplmr7m
mktextfm zplmr7y
mktextfm zplmr7y
mktextfm zplmr7y
mktextfm zplmr7v
mktextfm zplmr7v
mktextfm zplmr7v
mktextfm zplmr7t
mktextfm zplmr7t
mktextfm zplmr7t
mktextfm pplr9t
mktextfm pplb9t
mktextfm nullfont
mktextfm pplb9t
mktextfm nullfont
mktextfm pplri9t
mktextfm pplrc9t
mktextfm pplrc9t
mktextfm pplr9t
mktextfm zplmr7m
mktextfm zplmr7m
mktextfm zplmr7m
mktextfm zplmr7y
mktextfm zplmr7y
mktextfm zplmr7y
mktextfm zplmr7v
mktextfm zplmr7v
mktextfm zplmr7v
mktextfm zplmr7t
mktextfm zplmr7t
mktextfm zplmr7t
mktextfm pplb9t
mktextfm nullfont
mktextfm pplr9t
mktextfm pplr9t
mktextfm zplmr7m
mktextfm zplmr7m
mktextfm zplmr7y
mktextfm zplmr7y
mktextfm zplmr7v
mktextfm zplmr7v
mktextfm zplmr7t
mktextfm zplmr7t
mktextfm pplr9t
mktextfm pplr9t
mktextfm pplr9t
mktextfm pplr9t
mktextfm pplr9t
mktextfm pplr9t
mktextfm zplmr7m
mktextfm zplmr7m
mktextfm zplmr7m
mktextfm zplmr7y
mktextfm zplmr7y
mktextfm zplmr7y
mktextfm zplmr7v
mktextfm zplmr7v
mktextfm zplmr7v
mktextfm zplmr7t
mktextfm zplmr7t
mktextfm zplmr7t
mktextfm pplr9t
mktextfm pplb9t
mktextfm nullfont
mktextfm pplb9t
mktextfm nullfont
mktextfm pplri9t
mktextfm pplrc9t
mktextfm pplrc9t
mktextfm pplr9t
mktextfm zplmr7m
mktextfm zplmr7m
mktextfm zplmr7m
mktextfm zplmr7y
mktextfm zplmr7y
mktextfm zplmr7y
mktextfm zplmr7v
mktextfm zplmr7v
mktextfm zplmr7v
mktextfm zplmr7t
mktextfm zplmr7t
mktextfm zplmr7t
mktextfm pplb9t
mktextfm nullfont
mktextfm pplr9t
mktextfm pplr9t
mktextfm zplmr7m
mktextfm zplmr7m
mktextfm zplmr7y
mktextfm zplmr7y
mktextfm zplmr7v
mktextfm zplmr7v
mktextfm zplmr7t
mktextfm zplmr7t
mktextfm pplr9t
mktextfm pplr9t
mktextfm pplr9t
mktextfm pplr9t
mktextfm pplr9t
mktextfm pplr9t
mktextfm pplr9t
mktextfm zplmr7m
mktextfm zplmr7m
mktextfm zplmr7m
mktextfm zplmr7y
mktextfm zplmr7y
mktextfm zplmr7y
mktextfm zplmr7v
mktextfm pplr9t
mktextfm pplr9t
mktextfm pplr9t
mktextfm pplr9t
mktextfm pplr9t
mktextfm pplr9t
mktextfm zplmr7m
mktextfm zplmr7m
mktextfm feymr10
